<?xml version="1.0" encoding="UTF-8"?>
<!-- Generated by org.testng.reporters.JUnitReportReporter -->
<testsuite skipped="5" hostname="Vaisagan-PC" name="sbi.testcases.tc01_logintest" tests="8" failures="0" timestamp="2020-09-14T15:04:55 IST" time="3.792" errors="1">
  <testcase name="tc07_personalinformation" time="0.003" classname="sbi.testcases.tc01_logintest">
    <skipped/>
  </testcase> <!-- tc07_personalinformation -->
  <system-out/>
  <testcase name="tc08_savepersonalinformation" time="0.000" classname="sbi.testcases.tc01_logintest">
    <skipped/>
  </testcase> <!-- tc08_savepersonalinformation -->
  <system-out/>
  <testcase name="tc06_savebasicdetails" time="0.134" classname="sbi.testcases.tc01_logintest">
    <skipped/>
  </testcase> <!-- tc06_savebasicdetails -->
  <system-out/>
  <testcase name="tc02_enrollmenttab" time="1.361" classname="sbi.testcases.tc01_logintest"/>
  <system-out/>
  <testcase name="tc04_createagentoptions" time="0.000" classname="sbi.testcases.tc01_logintest">
    <skipped/>
  </testcase> <!-- tc04_createagentoptions -->
  <system-out/>
  <testcase name="tc05_createagent" time="0.000" classname="sbi.testcases.tc01_logintest">
    <skipped/>
  </testcase> <!-- tc05_createagent -->
  <system-out/>
  <testcase name="tc03_searchagent" time="0.003" classname="sbi.testcases.tc01_logintest">
    <error type="java.lang.NoClassDefFoundError" message="org/apache/commons/lang3/RandomStringUtils">
      <![CDATA[java.lang.NoClassDefFoundError: org/apache/commons/lang3/RandomStringUtils
at sbi.testcases.basetestcase.randomnumeric(basetestcase.java:76)
at sbi.testcases.tc01_logintest.tc03_searchagent(tc01_logintest.java:51)
at sun.reflect.NativeMethodAccessorImpl.invoke0(Native Method)
at sun.reflect.NativeMethodAccessorImpl.invoke(NativeMethodAccessorImpl.java:62)
at sun.reflect.DelegatingMethodAccessorImpl.invoke(DelegatingMethodAccessorImpl.java:43)
at java.lang.reflect.Method.invoke(Method.java:498)
at org.testng.internal.MethodInvocationHelper.invokeMethod(MethodInvocationHelper.java:132)
at org.testng.internal.TestInvoker.invokeMethod(TestInvoker.java:599)
at org.testng.internal.TestInvoker.invokeTestMethod(TestInvoker.java:174)
at org.testng.internal.MethodRunner.runInSequence(MethodRunner.java:46)
at org.testng.internal.TestInvoker$MethodInvocationAgent.invoke(TestInvoker.java:822)
at org.testng.internal.TestInvoker.invokeTestMethods(TestInvoker.java:147)
at org.testng.internal.TestMethodWorker.invokeTestMethods(TestMethodWorker.java:146)
at org.testng.internal.TestMethodWorker.run(TestMethodWorker.java:128)
at java.util.ArrayList.forEach(ArrayList.java:1249)
at org.testng.TestRunner.privateRun(TestRunner.java:764)
at org.testng.TestRunner.run(TestRunner.java:585)
at org.testng.SuiteRunner.runTest(SuiteRunner.java:384)
at org.testng.SuiteRunner.runSequentially(SuiteRunner.java:378)
at org.testng.SuiteRunner.privateRun(SuiteRunner.java:337)
at org.testng.SuiteRunner.run(SuiteRunner.java:286)
at org.testng.SuiteRunnerWorker.runSuite(SuiteRunnerWorker.java:53)
at org.testng.SuiteRunnerWorker.run(SuiteRunnerWorker.java:96)
at org.testng.TestNG.runSuitesSequentially(TestNG.java:1218)
at org.testng.TestNG.runSuitesLocally(TestNG.java:1140)
at org.testng.TestNG.runSuites(TestNG.java:1069)
at org.testng.TestNG.run(TestNG.java:1037)
at org.apache.maven.surefire.testng.TestNGExecutor.run(TestNGExecutor.java:283)
at org.apache.maven.surefire.testng.TestNGXmlTestSuite.execute(TestNGXmlTestSuite.java:75)
at org.apache.maven.surefire.testng.TestNGProvider.invoke(TestNGProvider.java:120)
at org.apache.maven.surefire.booter.ForkedBooter.invokeProviderInSameClassLoader(ForkedBooter.java:384)
at org.apache.maven.surefire.booter.ForkedBooter.runSuitesInProcess(ForkedBooter.java:345)
at org.apache.maven.surefire.booter.ForkedBooter.execute(ForkedBooter.java:126)
at org.apache.maven.surefire.booter.ForkedBooter.main(ForkedBooter.java:418)
Caused by: java.lang.ClassNotFoundException: org.apache.commons.lang3.RandomStringUtils
at java.net.URLClassLoader.findClass(URLClassLoader.java:381)
at java.lang.ClassLoader.loadClass(ClassLoader.java:424)
at sun.misc.Launcher$AppClassLoader.loadClass(Launcher.java:331)
at java.lang.ClassLoader.loadClass(ClassLoader.java:357)
... 34 more
]]>
    </error>
  </testcase> <!-- tc03_searchagent -->
  <system-out/>
  <testcase name="tc01_login" time="2.291" classname="sbi.testcases.tc01_logintest"/>
  <system-out/>
</testsuite> <!-- sbi.testcases.tc01_logintest -->
